****                   ADMIXTURE Version 1.3.0                  ****
****                    Copyright 2008-2015                     ****
****           David Alexander, Suyash Shringarpure,            ****
****                John  Novembre, Ken Lange                   ****
****                                                            ****
****                 Please cite our paper!                     ****
****   Information at www.genetics.ucla.edu/software/admixture  ****

Cross-validation will be performed.  Folds=5.
Parallel execution requested.  Will use 4 threads.
Random seed: 43
Point estimation method: Block relaxation algorithm
Convergence acceleration algorithm: QuasiNewton, 3 secant conditions
Point estimation will terminate when objective function delta < 0.0001
Estimation of standard errors disabled; will compute point estimates only.
Size of G: 686x4151701
Performing five EM steps to prime main algorithm
1 (EM) 	Elapsed: 91.63	Loglikelihood: -2.61147e+09	(delta): 1.81879e+09
2 (EM) 	Elapsed: 91.086	Loglikelihood: -2.52566e+09	(delta): 8.58184e+07
3 (EM) 	Elapsed: 91.128	Loglikelihood: -2.50289e+09	(delta): 2.27701e+07
4 (EM) 	Elapsed: 90.913	Loglikelihood: -2.4906e+09	(delta): 1.22842e+07
5 (EM) 	Elapsed: 90.502	Loglikelihood: -2.48281e+09	(delta): 7.78749e+06
Initial loglikelihood: -2.48281e+09
Starting main algorithm
1 (QN/Block) 	Elapsed: 256.848	Loglikelihood: -2.42699e+09	(delta): 5.58219e+07
2 (QN/Block) 	Elapsed: 266.838	Loglikelihood: -2.40963e+09	(delta): 1.73624e+07
3 (QN/Block) 	Elapsed: 269.512	Loglikelihood: -2.40351e+09	(delta): 6.12315e+06
4 (QN/Block) 	Elapsed: 273.492	Loglikelihood: -2.39847e+09	(delta): 5.0326e+06
5 (QN/Block) 	Elapsed: 273.711	Loglikelihood: -2.39626e+09	(delta): 2.21962e+06
6 (QN/Block) 	Elapsed: 275.776	Loglikelihood: -2.39535e+09	(delta): 905239
7 (QN/Block) 	Elapsed: 268.484	Loglikelihood: -2.39504e+09	(delta): 310788
8 (QN/Block) 	Elapsed: 268.485	Loglikelihood: -2.39496e+09	(delta): 78840.5
9 (QN/Block) 	Elapsed: 269.113	Loglikelihood: -2.39494e+09	(delta): 22989.5
10 (QN/Block) 	Elapsed: 268.88	Loglikelihood: -2.39493e+09	(delta): 5999.82
11 (QN/Block) 	Elapsed: 269.311	Loglikelihood: -2.39493e+09	(delta): 3250.72
12 (QN/Block) 	Elapsed: 269.316	Loglikelihood: -2.39493e+09	(delta): 923.773
13 (QN/Block) 	Elapsed: 270.884	Loglikelihood: -2.39493e+09	(delta): 244.06
14 (QN/Block) 	Elapsed: 268.592	Loglikelihood: -2.39493e+09	(delta): 42.8349
15 (QN/Block) 	Elapsed: 269.109	Loglikelihood: -2.39493e+09	(delta): 23.2812
16 (QN/Block) 	Elapsed: 268.114	Loglikelihood: -2.39493e+09	(delta): 1.46262
17 (QN/Block) 	Elapsed: 271.169	Loglikelihood: -2.39493e+09	(delta): 0.0851269
18 (QN/Block) 	Elapsed: 274.338	Loglikelihood: -2.39493e+09	(delta): 0.0197463
19 (QN/Block) 	Elapsed: 268.435	Loglikelihood: -2.39493e+09	(delta): 0.00294638
20 (QN/Block) 	Elapsed: 266.785	Loglikelihood: -2.39493e+09	(delta): 0.000393867
21 (QN/Block) 	Elapsed: 267.621	Loglikelihood: -2.39493e+09	(delta): 2.14577e-05
Summary: 
Converged in 21 iterations (6268.36 sec)
Loglikelihood: -2394926733.170761
Fst divergences between estimated populations: 
	Pop0	Pop1	
Pop0	
Pop1	0.067	
Pop2	0.193	0.186	
CV error (K=3): 0.31511
Writing output files.
