****                   ADMIXTURE Version 1.3.0                  ****
****                    Copyright 2008-2015                     ****
****           David Alexander, Suyash Shringarpure,            ****
****                John  Novembre, Ken Lange                   ****
****                                                            ****
****                 Please cite our paper!                     ****
****   Information at www.genetics.ucla.edu/software/admixture  ****

Cross-validation will be performed.  Folds=5.
Parallel execution requested.  Will use 4 threads.
Random seed: 43
Point estimation method: Block relaxation algorithm
Convergence acceleration algorithm: QuasiNewton, 3 secant conditions
Point estimation will terminate when objective function delta < 0.0001
Estimation of standard errors disabled; will compute point estimates only.
Size of G: 686x4151701
Performing five EM steps to prime main algorithm
1 (EM) 	Elapsed: 139.789	Loglikelihood: -2.61637e+09	(delta): 1.65966e+09
2 (EM) 	Elapsed: 136.72	Loglikelihood: -2.52985e+09	(delta): 8.65233e+07
3 (EM) 	Elapsed: 137.33	Loglikelihood: -2.5081e+09	(delta): 2.17444e+07
4 (EM) 	Elapsed: 134.12	Loglikelihood: -2.49596e+09	(delta): 1.21387e+07
5 (EM) 	Elapsed: 142.924	Loglikelihood: -2.48774e+09	(delta): 8.22856e+06
Initial loglikelihood: -2.48774e+09
Starting main algorithm
1 (QN/Block) 	Elapsed: 425.14	Loglikelihood: -2.41533e+09	(delta): 7.24036e+07
2 (QN/Block) 	Elapsed: 422.817	Loglikelihood: -2.39278e+09	(delta): 2.25468e+07
3 (QN/Block) 	Elapsed: 451.888	Loglikelihood: -2.38346e+09	(delta): 9.32885e+06
4 (QN/Block) 	Elapsed: 451.598	Loglikelihood: -2.37769e+09	(delta): 5.76749e+06
5 (QN/Block) 	Elapsed: 454.475	Loglikelihood: -2.37602e+09	(delta): 1.67177e+06
6 (QN/Block) 	Elapsed: 445.029	Loglikelihood: -2.3752e+09	(delta): 817214
7 (QN/Block) 	Elapsed: 453.505	Loglikelihood: -2.37499e+09	(delta): 213702
8 (QN/Block) 	Elapsed: 446.432	Loglikelihood: -2.37492e+09	(delta): 68675.4
9 (QN/Block) 	Elapsed: 442.533	Loglikelihood: -2.37482e+09	(delta): 100096
10 (QN/Block) 	Elapsed: 450.67	Loglikelihood: -2.3747e+09	(delta): 118675
11 (QN/Block) 	Elapsed: 444.582	Loglikelihood: -2.3746e+09	(delta): 101833
12 (QN/Block) 	Elapsed: 467.23	Loglikelihood: -2.37445e+09	(delta): 151506
13 (QN/Block) 	Elapsed: 472.385	Loglikelihood: -2.37413e+09	(delta): 312625
14 (QN/Block) 	Elapsed: 469.763	Loglikelihood: -2.37347e+09	(delta): 662180
15 (QN/Block) 	Elapsed: 470.399	Loglikelihood: -2.37216e+09	(delta): 1.30648e+06
16 (QN/Block) 	Elapsed: 452.274	Loglikelihood: -2.37033e+09	(delta): 1.8334e+06
17 (QN/Block) 	Elapsed: 466.394	Loglikelihood: -2.36971e+09	(delta): 622838
18 (QN/Block) 	Elapsed: 470.812	Loglikelihood: -2.36959e+09	(delta): 113981
19 (QN/Block) 	Elapsed: 446.684	Loglikelihood: -2.36955e+09	(delta): 38743.1
20 (QN/Block) 	Elapsed: 439.531	Loglikelihood: -2.36955e+09	(delta): 9358.21
21 (QN/Block) 	Elapsed: 453.143	Loglikelihood: -2.36954e+09	(delta): 2155.92
22 (QN/Block) 	Elapsed: 445.072	Loglikelihood: -2.36954e+09	(delta): 143.627
23 (QN/Block) 	Elapsed: 444.532	Loglikelihood: -2.36954e+09	(delta): 26.7351
24 (QN/Block) 	Elapsed: 440.081	Loglikelihood: -2.36954e+09	(delta): 5.76709
25 (QN/Block) 	Elapsed: 444.021	Loglikelihood: -2.36954e+09	(delta): 0.569675
26 (QN/Block) 	Elapsed: 421.221	Loglikelihood: -2.36954e+09	(delta): 0.0516448
27 (QN/Block) 	Elapsed: 426.077	Loglikelihood: -2.36954e+09	(delta): 0.00457716
28 (QN/Block) 	Elapsed: 420.292	Loglikelihood: -2.36954e+09	(delta): -2.52724e-05
29 (QN/Block) 	Elapsed: 417.621	Loglikelihood: -2.36954e+09	(delta): 8.91685e-05
Summary: 
Converged in 29 iterations (13898.9 sec)
Loglikelihood: -2369543090.432840
Fst divergences between estimated populations: 
	Pop0	Pop1	Pop2	
Pop0	
Pop1	0.070	
Pop2	0.073	0.054	
Pop3	0.195	0.201	0.188	
CV error (K=4): 0.32297
Writing output files.
