****                   ADMIXTURE Version 1.3.0                  ****
****                    Copyright 2008-2015                     ****
****           David Alexander, Suyash Shringarpure,            ****
****                John  Novembre, Ken Lange                   ****
****                                                            ****
****                 Please cite our paper!                     ****
****   Information at www.genetics.ucla.edu/software/admixture  ****

Cross-validation will be performed.  Folds=5.
Parallel execution requested.  Will use 4 threads.
Random seed: 43
Point estimation method: Block relaxation algorithm
Convergence acceleration algorithm: QuasiNewton, 3 secant conditions
Point estimation will terminate when objective function delta < 0.0001
Estimation of standard errors disabled; will compute point estimates only.
Size of G: 686x4151701
Performing five EM steps to prime main algorithm
1 (EM) 	Elapsed: 155.877	Loglikelihood: -2.61683e+09	(delta): 1.57394e+09
2 (EM) 	Elapsed: 151.2	Loglikelihood: -2.53056e+09	(delta): 8.62701e+07
3 (EM) 	Elapsed: 150.976	Loglikelihood: -2.51028e+09	(delta): 2.02811e+07
4 (EM) 	Elapsed: 150.817	Loglikelihood: -2.49882e+09	(delta): 1.14568e+07
5 (EM) 	Elapsed: 149.252	Loglikelihood: -2.49083e+09	(delta): 7.98882e+06
Initial loglikelihood: -2.49083e+09
Starting main algorithm
1 (QN/Block) 	Elapsed: 425.807	Loglikelihood: -2.39342e+09	(delta): 9.74117e+07
2 (QN/Block) 	Elapsed: 444.929	Loglikelihood: -2.36957e+09	(delta): 2.38501e+07
3 (QN/Block) 	Elapsed: 438.233	Loglikelihood: -2.35957e+09	(delta): 9.99305e+06
4 (QN/Block) 	Elapsed: 449.384	Loglikelihood: -2.35184e+09	(delta): 7.73821e+06
5 (QN/Block) 	Elapsed: 431.798	Loglikelihood: -2.34949e+09	(delta): 2.34313e+06
6 (QN/Block) 	Elapsed: 439.43	Loglikelihood: -2.34884e+09	(delta): 653333
7 (QN/Block) 	Elapsed: 433.095	Loglikelihood: -2.34863e+09	(delta): 208815
8 (QN/Block) 	Elapsed: 433.626	Loglikelihood: -2.34856e+09	(delta): 70374.9
9 (QN/Block) 	Elapsed: 437.613	Loglikelihood: -2.34853e+09	(delta): 32686
10 (QN/Block) 	Elapsed: 439.835	Loglikelihood: -2.34852e+09	(delta): 6511.27
11 (QN/Block) 	Elapsed: 453.447	Loglikelihood: -2.34852e+09	(delta): 1897.51
12 (QN/Block) 	Elapsed: 462.363	Loglikelihood: -2.34852e+09	(delta): 450.145
13 (QN/Block) 	Elapsed: 449.616	Loglikelihood: -2.34852e+09	(delta): 65.3552
14 (QN/Block) 	Elapsed: 432.55	Loglikelihood: -2.34852e+09	(delta): 43.4662
15 (QN/Block) 	Elapsed: 445.702	Loglikelihood: -2.34852e+09	(delta): 1.92076
16 (QN/Block) 	Elapsed: 453.525	Loglikelihood: -2.34852e+09	(delta): 0.0370569
17 (QN/Block) 	Elapsed: 436.27	Loglikelihood: -2.34852e+09	(delta): 0.0113058
18 (QN/Block) 	Elapsed: 455.197	Loglikelihood: -2.34852e+09	(delta): 0.00249481
19 (QN/Block) 	Elapsed: 432.575	Loglikelihood: -2.34852e+09	(delta): 0.000110626
20 (QN/Block) 	Elapsed: 458.294	Loglikelihood: -2.34852e+09	(delta): 4.95911e-05
Summary: 
Converged in 20 iterations (9813.08 sec)
Loglikelihood: -2348519374.647420
Fst divergences between estimated populations: 
	Pop0	Pop1	Pop2	Pop3	
Pop0	
Pop1	0.077	
Pop2	0.057	0.068	
Pop3	0.192	0.199	0.196	
Pop4	0.059	0.073	0.063	0.202	
CV error (K=5): 0.31781
Writing output files.
