****                   ADMIXTURE Version 1.3.0                  ****
****                    Copyright 2008-2015                     ****
****           David Alexander, Suyash Shringarpure,            ****
****                John  Novembre, Ken Lange                   ****
****                                                            ****
****                 Please cite our paper!                     ****
****   Information at www.genetics.ucla.edu/software/admixture  ****

Cross-validation will be performed.  Folds=5.
Parallel execution requested.  Will use 4 threads.
Random seed: 43
Point estimation method: Block relaxation algorithm
Convergence acceleration algorithm: QuasiNewton, 3 secant conditions
Point estimation will terminate when objective function delta < 0.0001
Estimation of standard errors disabled; will compute point estimates only.
Size of G: 686x4151701
Performing five EM steps to prime main algorithm
1 (EM) 	Elapsed: 167.876	Loglikelihood: -2.61461e+09	(delta): 1.51567e+09
2 (EM) 	Elapsed: 172.055	Loglikelihood: -2.52874e+09	(delta): 8.58645e+07
3 (EM) 	Elapsed: 173.763	Loglikelihood: -2.51004e+09	(delta): 1.87006e+07
4 (EM) 	Elapsed: 169.049	Loglikelihood: -2.49948e+09	(delta): 1.05611e+07
5 (EM) 	Elapsed: 182.032	Loglikelihood: -2.49194e+09	(delta): 7.54239e+06
Initial loglikelihood: -2.49194e+09
Starting main algorithm
1 (QN/Block) 	Elapsed: 593.454	Loglikelihood: -2.38369e+09	(delta): 1.08243e+08
2 (QN/Block) 	Elapsed: 658.633	Loglikelihood: -2.3471e+09	(delta): 3.65984e+07
3 (QN/Block) 	Elapsed: 623.654	Loglikelihood: -2.33562e+09	(delta): 1.1472e+07
4 (QN/Block) 	Elapsed: 601.009	Loglikelihood: -2.33066e+09	(delta): 4.96536e+06
5 (QN/Block) 	Elapsed: 625.716	Loglikelihood: -2.32923e+09	(delta): 1.43146e+06
6 (QN/Block) 	Elapsed: 649.054	Loglikelihood: -2.32875e+09	(delta): 474871
7 (QN/Block) 	Elapsed: 697.861	Loglikelihood: -2.32857e+09	(delta): 181878
8 (QN/Block) 	Elapsed: 663.533	Loglikelihood: -2.32851e+09	(delta): 59971.9
9 (QN/Block) 	Elapsed: 628.826	Loglikelihood: -2.3285e+09	(delta): 13865.6
10 (QN/Block) 	Elapsed: 655.577	Loglikelihood: -2.32849e+09	(delta): 1682.4
11 (QN/Block) 	Elapsed: 713.514	Loglikelihood: -2.32849e+09	(delta): 296.676
12 (QN/Block) 	Elapsed: 657.691	Loglikelihood: -2.32849e+09	(delta): 143.784
13 (QN/Block) 	Elapsed: 656.347	Loglikelihood: -2.32849e+09	(delta): 168.691
14 (QN/Block) 	Elapsed: 686.543	Loglikelihood: -2.32849e+09	(delta): 14.6486
15 (QN/Block) 	Elapsed: 730.61	Loglikelihood: -2.32849e+09	(delta): 4.79137
16 (QN/Block) 	Elapsed: 691.659	Loglikelihood: -2.32849e+09	(delta): 2.70452
17 (QN/Block) 	Elapsed: 691.049	Loglikelihood: -2.32849e+09	(delta): 1.17773
18 (QN/Block) 	Elapsed: 697.073	Loglikelihood: -2.32849e+09	(delta): 0.177066
19 (QN/Block) 	Elapsed: 691.852	Loglikelihood: -2.32849e+09	(delta): 0.00614738
20 (QN/Block) 	Elapsed: 659.491	Loglikelihood: -2.32849e+09	(delta): 0.00228548
21 (QN/Block) 	Elapsed: 651.433	Loglikelihood: -2.32849e+09	(delta): 0.000201702
22 (QN/Block) 	Elapsed: 667.139	Loglikelihood: -2.32849e+09	(delta): -1.57356e-05
23 (QN/Block) 	Elapsed: 637.998	Loglikelihood: -2.32849e+09	(delta): 5.43594e-05
Summary: 
Converged in 23 iterations (16349.1 sec)
Loglikelihood: -2328494184.057812
Fst divergences between estimated populations: 
	Pop0	Pop1	Pop2	Pop3	Pop4	
Pop0	
Pop1	0.103	
Pop2	0.063	0.099	
Pop3	0.202	0.228	0.196	
Pop4	0.093	0.108	0.088	0.217	
Pop5	0.059	0.107	0.057	0.192	0.097	
CV error (K=6): 0.29381
Writing output files.
