****                   ADMIXTURE Version 1.3.0                  ****
****                    Copyright 2008-2015                     ****
****           David Alexander, Suyash Shringarpure,            ****
****                John  Novembre, Ken Lange                   ****
****                                                            ****
****                 Please cite our paper!                     ****
****   Information at www.genetics.ucla.edu/software/admixture  ****

Cross-validation will be performed.  Folds=5.
Parallel execution requested.  Will use 4 threads.
Random seed: 43
Point estimation method: Block relaxation algorithm
Convergence acceleration algorithm: QuasiNewton, 3 secant conditions
Point estimation will terminate when objective function delta < 0.0001
Estimation of standard errors disabled; will compute point estimates only.
Size of G: 686x4151701
Performing five EM steps to prime main algorithm
1 (EM) 	Elapsed: 194.353	Loglikelihood: -2.61208e+09	(delta): 1.4738e+09
2 (EM) 	Elapsed: 190.947	Loglikelihood: -2.52666e+09	(delta): 8.54262e+07
3 (EM) 	Elapsed: 183.593	Loglikelihood: -2.50931e+09	(delta): 1.73479e+07
4 (EM) 	Elapsed: 197.609	Loglikelihood: -2.49955e+09	(delta): 9.76444e+06
5 (EM) 	Elapsed: 187.466	Loglikelihood: -2.49242e+09	(delta): 7.1274e+06
Initial loglikelihood: -2.49242e+09
Starting main algorithm
1 (QN/Block) 	Elapsed: 726.752	Loglikelihood: -2.37927e+09	(delta): 1.13146e+08
2 (QN/Block) 	Elapsed: 733.619	Loglikelihood: -2.34732e+09	(delta): 3.19559e+07
3 (QN/Block) 	Elapsed: 710.81	Loglikelihood: -2.33562e+09	(delta): 1.16923e+07
4 (QN/Block) 	Elapsed: 726.976	Loglikelihood: -2.32676e+09	(delta): 8.8666e+06
5 (QN/Block) 	Elapsed: 801.461	Loglikelihood: -2.32201e+09	(delta): 4.75162e+06
6 (QN/Block) 	Elapsed: 742.519	Loglikelihood: -2.31858e+09	(delta): 3.42134e+06
7 (QN/Block) 	Elapsed: 688.137	Loglikelihood: -2.31663e+09	(delta): 1.954e+06
8 (QN/Block) 	Elapsed: 725.457	Loglikelihood: -2.31597e+09	(delta): 662420
9 (QN/Block) 	Elapsed: 733.009	Loglikelihood: -2.31575e+09	(delta): 218593
10 (QN/Block) 	Elapsed: 781.754	Loglikelihood: -2.31569e+09	(delta): 64475.7
11 (QN/Block) 	Elapsed: 771.215	Loglikelihood: -2.31566e+09	(delta): 20506.5
12 (QN/Block) 	Elapsed: 775.699	Loglikelihood: -2.31566e+09	(delta): 6959.93
13 (QN/Block) 	Elapsed: 746.681	Loglikelihood: -2.31566e+09	(delta): 1203.13
14 (QN/Block) 	Elapsed: 752.283	Loglikelihood: -2.31566e+09	(delta): 242.543
15 (QN/Block) 	Elapsed: 777.362	Loglikelihood: -2.31566e+09	(delta): 53.0735
16 (QN/Block) 	Elapsed: 770.654	Loglikelihood: -2.31566e+09	(delta): 5.57472
17 (QN/Block) 	Elapsed: 769.215	Loglikelihood: -2.31566e+09	(delta): 1.09722
18 (QN/Block) 	Elapsed: 689.557	Loglikelihood: -2.31566e+09	(delta): 0.439326
19 (QN/Block) 	Elapsed: 692.404	Loglikelihood: -2.31566e+09	(delta): 0.0231624
20 (QN/Block) 	Elapsed: 686.368	Loglikelihood: -2.31566e+09	(delta): 0.00114107
21 (QN/Block) 	Elapsed: 693.278	Loglikelihood: -2.31566e+09	(delta): 5.53131e-05
Summary: 
Converged in 21 iterations (16713 sec)
Loglikelihood: -2315656328.683132
Fst divergences between estimated populations: 
	Pop0	Pop1	Pop2	Pop3	Pop4	Pop5	
Pop0	
Pop1	0.090	
Pop2	0.053	0.105	
Pop3	0.041	0.110	0.061	
Pop4	0.079	0.108	0.093	0.099	
Pop5	0.190	0.231	0.203	0.196	0.219	
Pop6	0.046	0.105	0.070	0.064	0.095	0.202	
CV error (K=7): 0.28293
Writing output files.
