****                   ADMIXTURE Version 1.3.0                  ****
****                    Copyright 2008-2015                     ****
****           David Alexander, Suyash Shringarpure,            ****
****                John  Novembre, Ken Lange                   ****
****                                                            ****
****                 Please cite our paper!                     ****
****   Information at www.genetics.ucla.edu/software/admixture  ****

Cross-validation will be performed.  Folds=5.
Parallel execution requested.  Will use 4 threads.
Random seed: 43
Point estimation method: Block relaxation algorithm
Convergence acceleration algorithm: QuasiNewton, 3 secant conditions
Point estimation will terminate when objective function delta < 0.0001
Estimation of standard errors disabled; will compute point estimates only.
Size of G: 686x4151701
Performing five EM steps to prime main algorithm
1 (EM) 	Elapsed: 229.487	Loglikelihood: -2.60851e+09	(delta): 1.44222e+09
2 (EM) 	Elapsed: 228.704	Loglikelihood: -2.52327e+09	(delta): 8.52426e+07
3 (EM) 	Elapsed: 233.67	Loglikelihood: -2.50716e+09	(delta): 1.61105e+07
4 (EM) 	Elapsed: 229.282	Loglikelihood: -2.4982e+09	(delta): 8.95187e+06
5 (EM) 	Elapsed: 229.163	Loglikelihood: -2.49154e+09	(delta): 6.66014e+06
Initial loglikelihood: -2.49154e+09
Starting main algorithm
1 (QN/Block) 	Elapsed: 751.981	Loglikelihood: -2.37059e+09	(delta): 1.20957e+08
2 (QN/Block) 	Elapsed: 796.633	Loglikelihood: -2.32997e+09	(delta): 4.06213e+07
3 (QN/Block) 	Elapsed: 771.464	Loglikelihood: -2.31549e+09	(delta): 1.4474e+07
4 (QN/Block) 	Elapsed: 781.61	Loglikelihood: -2.3098e+09	(delta): 5.68948e+06
5 (QN/Block) 	Elapsed: 783.5	Loglikelihood: -2.30802e+09	(delta): 1.77944e+06
6 (QN/Block) 	Elapsed: 773.333	Loglikelihood: -2.30746e+09	(delta): 559670
7 (QN/Block) 	Elapsed: 767.949	Loglikelihood: -2.30727e+09	(delta): 188745
8 (QN/Block) 	Elapsed: 771.113	Loglikelihood: -2.30716e+09	(delta): 112348
9 (QN/Block) 	Elapsed: 771.277	Loglikelihood: -2.30709e+09	(delta): 75593.6
10 (QN/Block) 	Elapsed: 779.914	Loglikelihood: -2.30706e+09	(delta): 30758.8
11 (QN/Block) 	Elapsed: 773.375	Loglikelihood: -2.30704e+09	(delta): 17429.6
12 (QN/Block) 	Elapsed: 772.338	Loglikelihood: -2.30703e+09	(delta): 7678.53
13 (QN/Block) 	Elapsed: 791.622	Loglikelihood: -2.30703e+09	(delta): 2798.38
14 (QN/Block) 	Elapsed: 806.561	Loglikelihood: -2.30703e+09	(delta): 359.907
15 (QN/Block) 	Elapsed: 798.659	Loglikelihood: -2.30703e+09	(delta): 115.286
16 (QN/Block) 	Elapsed: 781.766	Loglikelihood: -2.30703e+09	(delta): 50.6689
17 (QN/Block) 	Elapsed: 771.695	Loglikelihood: -2.30703e+09	(delta): 30.8109
18 (QN/Block) 	Elapsed: 775.118	Loglikelihood: -2.30703e+09	(delta): 4.9703
19 (QN/Block) 	Elapsed: 766.819	Loglikelihood: -2.30703e+09	(delta): 0.699704
20 (QN/Block) 	Elapsed: 766.584	Loglikelihood: -2.30703e+09	(delta): 0.22901
21 (QN/Block) 	Elapsed: 768.675	Loglikelihood: -2.30703e+09	(delta): 0.181492
22 (QN/Block) 	Elapsed: 770.053	Loglikelihood: -2.30703e+09	(delta): 0.11692
23 (QN/Block) 	Elapsed: 788.97	Loglikelihood: -2.30703e+09	(delta): 0.0853229
24 (QN/Block) 	Elapsed: 772.179	Loglikelihood: -2.30703e+09	(delta): 0.0427289
25 (QN/Block) 	Elapsed: 769.144	Loglikelihood: -2.30703e+09	(delta): 0.0136414
26 (QN/Block) 	Elapsed: 768.478	Loglikelihood: -2.30703e+09	(delta): 0.0123401
27 (QN/Block) 	Elapsed: 768.552	Loglikelihood: -2.30703e+09	(delta): 0.00613213
28 (QN/Block) 	Elapsed: 768.244	Loglikelihood: -2.30703e+09	(delta): 0.000738621
29 (QN/Block) 	Elapsed: 765.104	Loglikelihood: -2.30703e+09	(delta): 0.000632286
30 (QN/Block) 	Elapsed: 767.544	Loglikelihood: -2.30703e+09	(delta): 0.000605583
31 (QN/Block) 	Elapsed: 766.373	Loglikelihood: -2.30703e+09	(delta): -2.28882e-05
32 (QN/Block) 	Elapsed: 787.994	Loglikelihood: -2.30703e+09	(delta): 6.4373e-05
Summary: 
Converged in 32 iterations (26343.9 sec)
Loglikelihood: -2307027612.773076
Fst divergences between estimated populations: 
	Pop0	Pop1	Pop2	Pop3	Pop4	Pop5	Pop6	
Pop0	
Pop1	0.098	
Pop2	0.108	0.108	
Pop3	0.198	0.218	0.230	
Pop4	0.068	0.134	0.146	0.248	
Pop5	0.059	0.093	0.104	0.203	0.100	
Pop6	0.042	0.079	0.089	0.185	0.083	0.053	
Pop7	0.064	0.095	0.105	0.203	0.100	0.070	0.047	
CV error (K=8): 0.28201
Writing output files.
