****                   ADMIXTURE Version 1.3.0                  ****
****                    Copyright 2008-2015                     ****
****           David Alexander, Suyash Shringarpure,            ****
****                John  Novembre, Ken Lange                   ****
****                                                            ****
****                 Please cite our paper!                     ****
****   Information at www.genetics.ucla.edu/software/admixture  ****

Cross-validation will be performed.  Folds=5.
Parallel execution requested.  Will use 4 threads.
Random seed: 43
Point estimation method: Block relaxation algorithm
Convergence acceleration algorithm: QuasiNewton, 3 secant conditions
Point estimation will terminate when objective function delta < 0.0001
Estimation of standard errors disabled; will compute point estimates only.
Size of G: 686x4151701
Performing five EM steps to prime main algorithm
1 (EM) 	Elapsed: 260.772	Loglikelihood: -2.60581e+09	(delta): 1.41836e+09
2 (EM) 	Elapsed: 266.198	Loglikelihood: -2.52072e+09	(delta): 8.50907e+07
3 (EM) 	Elapsed: 262.436	Loglikelihood: -2.50572e+09	(delta): 1.49954e+07
4 (EM) 	Elapsed: 259.141	Loglikelihood: -2.49756e+09	(delta): 8.16807e+06
5 (EM) 	Elapsed: 261.616	Loglikelihood: -2.4914e+09	(delta): 6.15523e+06
Initial loglikelihood: -2.4914e+09
Starting main algorithm
1 (QN/Block) 	Elapsed: 850.761	Loglikelihood: -2.36544e+09	(delta): 1.25959e+08
2 (QN/Block) 	Elapsed: 894.836	Loglikelihood: -2.32042e+09	(delta): 4.50217e+07
3 (QN/Block) 	Elapsed: 874.173	Loglikelihood: -2.30615e+09	(delta): 1.42688e+07
4 (QN/Block) 	Elapsed: 867.711	Loglikelihood: -2.30113e+09	(delta): 5.02049e+06
5 (QN/Block) 	Elapsed: 868.796	Loglikelihood: -2.29931e+09	(delta): 1.81964e+06
6 (QN/Block) 	Elapsed: 868.68	Loglikelihood: -2.29874e+09	(delta): 570303
7 (QN/Block) 	Elapsed: 866.518	Loglikelihood: -2.29849e+09	(delta): 250715
8 (QN/Block) 	Elapsed: 868.244	Loglikelihood: -2.29836e+09	(delta): 127168
9 (QN/Block) 	Elapsed: 869.751	Loglikelihood: -2.29829e+09	(delta): 72111.9
10 (QN/Block) 	Elapsed: 866.688	Loglikelihood: -2.29826e+09	(delta): 31146.3
11 (QN/Block) 	Elapsed: 869.566	Loglikelihood: -2.29826e+09	(delta): 5695.06
12 (QN/Block) 	Elapsed: 966.942	Loglikelihood: -2.29825e+09	(delta): 2038.81
13 (QN/Block) 	Elapsed: 932.56	Loglikelihood: -2.29825e+09	(delta): 1419.91
14 (QN/Block) 	Elapsed: 952.853	Loglikelihood: -2.29825e+09	(delta): 1181.35
15 (QN/Block) 	Elapsed: 964.013	Loglikelihood: -2.29825e+09	(delta): 903.858
16 (QN/Block) 	Elapsed: 1002.43	Loglikelihood: -2.29825e+09	(delta): 471.047
17 (QN/Block) 	Elapsed: 1026.91	Loglikelihood: -2.29825e+09	(delta): 455.432
18 (QN/Block) 	Elapsed: 1026.07	Loglikelihood: -2.29825e+09	(delta): 394.093
19 (QN/Block) 	Elapsed: 871.654	Loglikelihood: -2.29825e+09	(delta): 236.339
20 (QN/Block) 	Elapsed: 876.777	Loglikelihood: -2.29825e+09	(delta): 144.559
21 (QN/Block) 	Elapsed: 877.197	Loglikelihood: -2.29825e+09	(delta): 180.104
22 (QN/Block) 	Elapsed: 884.657	Loglikelihood: -2.29825e+09	(delta): 137.341
23 (QN/Block) 	Elapsed: 1013.25	Loglikelihood: -2.29825e+09	(delta): 91.6025
24 (QN/Block) 	Elapsed: 1014.83	Loglikelihood: -2.29825e+09	(delta): 26.3887
25 (QN/Block) 	Elapsed: 1014.25	Loglikelihood: -2.29825e+09	(delta): 10.9972
26 (QN/Block) 	Elapsed: 1014.96	Loglikelihood: -2.29825e+09	(delta): 9.32716
27 (QN/Block) 	Elapsed: 1010.76	Loglikelihood: -2.29825e+09	(delta): 15.3408
28 (QN/Block) 	Elapsed: 1018.86	Loglikelihood: -2.29825e+09	(delta): 3.66273
29 (QN/Block) 	Elapsed: 1014.91	Loglikelihood: -2.29825e+09	(delta): 0.816376
30 (QN/Block) 	Elapsed: 1009.99	Loglikelihood: -2.29825e+09	(delta): 0.186409
31 (QN/Block) 	Elapsed: 1013.29	Loglikelihood: -2.29825e+09	(delta): 0.208383
32 (QN/Block) 	Elapsed: 1017.08	Loglikelihood: -2.29825e+09	(delta): 0.0722489
33 (QN/Block) 	Elapsed: 1012.34	Loglikelihood: -2.29825e+09	(delta): 0.00983
34 (QN/Block) 	Elapsed: 1022.85	Loglikelihood: -2.29825e+09	(delta): 0.00252962
35 (QN/Block) 	Elapsed: 1015.82	Loglikelihood: -2.29825e+09	(delta): 0.000155449
36 (QN/Block) 	Elapsed: 1052.08	Loglikelihood: -2.29825e+09	(delta): 3.14713e-05
Summary: 
Converged in 36 iterations (35994.4 sec)
Loglikelihood: -2298247473.037572
Fst divergences between estimated populations: 
	Pop0	Pop1	Pop2	Pop3	Pop4	Pop5	Pop6	Pop7	
Pop0	
Pop1	0.150	
Pop2	0.112	0.134	
Pop3	0.235	0.249	0.218	
Pop4	0.093	0.082	0.080	0.186	
Pop5	0.108	0.100	0.095	0.203	0.047	
Pop6	0.109	0.100	0.093	0.203	0.054	0.070	
Pop7	0.087	0.118	0.095	0.210	0.062	0.075	0.080	
Pop8	0.112	0.068	0.098	0.199	0.042	0.064	0.059	0.081	
CV error (K=9): 0.28252
Writing output files.
