****                   ADMIXTURE Version 1.3.0                  ****
****                    Copyright 2008-2015                     ****
****           David Alexander, Suyash Shringarpure,            ****
****                John  Novembre, Ken Lange                   ****
****                                                            ****
****                 Please cite our paper!                     ****
****   Information at www.genetics.ucla.edu/software/admixture  ****

Cross-validation will be performed.  Folds=5.
Parallel execution requested.  Will use 4 threads.
Random seed: 43
Point estimation method: Block relaxation algorithm
Convergence acceleration algorithm: QuasiNewton, 3 secant conditions
Point estimation will terminate when objective function delta < 0.0001
Estimation of standard errors disabled; will compute point estimates only.
Size of G: 242x4683321
Performing five EM steps to prime main algorithm
1 (EM) 	Elapsed: 25.352	Loglikelihood: -9.82544e+08	(delta): 8.9141e+08
2 (EM) 	Elapsed: 25.246	Loglikelihood: -9.5203e+08	(delta): 3.05137e+07
3 (EM) 	Elapsed: 25.81	Loglikelihood: -9.44459e+08	(delta): 7.57135e+06
4 (EM) 	Elapsed: 25.245	Loglikelihood: -9.41003e+08	(delta): 3.45554e+06
5 (EM) 	Elapsed: 26.021	Loglikelihood: -9.39344e+08	(delta): 1.65924e+06
Initial loglikelihood: -9.39344e+08
Starting main algorithm
1 (QN/Block) 	Elapsed: 63.89	Loglikelihood: -9.0191e+08	(delta): 3.74342e+07
2 (QN/Block) 	Elapsed: 63.35	Loglikelihood: -8.87549e+08	(delta): 1.43609e+07
3 (QN/Block) 	Elapsed: 66.959	Loglikelihood: -8.78579e+08	(delta): 8.97014e+06
4 (QN/Block) 	Elapsed: 67.474	Loglikelihood: -8.74057e+08	(delta): 4.52125e+06
5 (QN/Block) 	Elapsed: 69.309	Loglikelihood: -8.73474e+08	(delta): 583940
6 (QN/Block) 	Elapsed: 67.442	Loglikelihood: -8.73379e+08	(delta): 94218.1
7 (QN/Block) 	Elapsed: 66.7	Loglikelihood: -8.73333e+08	(delta): 45967.1
8 (QN/Block) 	Elapsed: 70.305	Loglikelihood: -8.73328e+08	(delta): 5726.94
9 (QN/Block) 	Elapsed: 72.054	Loglikelihood: -8.73327e+08	(delta): 139.741
10 (QN/Block) 	Elapsed: 70.104	Loglikelihood: -8.73327e+08	(delta): 1.05178
11 (QN/Block) 	Elapsed: 68.862	Loglikelihood: -8.73327e+08	(delta): 0.0187889
12 (QN/Block) 	Elapsed: 67.978	Loglikelihood: -8.73327e+08	(delta): 0.000801682
13 (QN/Block) 	Elapsed: 71.613	Loglikelihood: -8.73327e+08	(delta): 4.27961e-05
Summary: 
Converged in 13 iterations (1052.6 sec)
Loglikelihood: -873327453.157000
Fst divergences between estimated populations: 
	Pop0	
Pop0	
Pop1	0.139	
CV error (K=2): 0.42485
Writing output files.
