****                   ADMIXTURE Version 1.3.0                  ****
****                    Copyright 2008-2015                     ****
****           David Alexander, Suyash Shringarpure,            ****
****                John  Novembre, Ken Lange                   ****
****                                                            ****
****                 Please cite our paper!                     ****
****   Information at www.genetics.ucla.edu/software/admixture  ****

Cross-validation will be performed.  Folds=5.
Parallel execution requested.  Will use 4 threads.
Random seed: 43
Point estimation method: Block relaxation algorithm
Convergence acceleration algorithm: QuasiNewton, 3 secant conditions
Point estimation will terminate when objective function delta < 0.0001
Estimation of standard errors disabled; will compute point estimates only.
Size of G: 242x4683321
Performing five EM steps to prime main algorithm
1 (EM) 	Elapsed: 33.329	Loglikelihood: -9.94478e+08	(delta): 7.60402e+08
2 (EM) 	Elapsed: 31.591	Loglikelihood: -9.59057e+08	(delta): 3.5421e+07
3 (EM) 	Elapsed: 31.586	Loglikelihood: -9.49511e+08	(delta): 9.54585e+06
4 (EM) 	Elapsed: 31.669	Loglikelihood: -9.44436e+08	(delta): 5.07474e+06
5 (EM) 	Elapsed: 31.577	Loglikelihood: -9.41317e+08	(delta): 3.1189e+06
Initial loglikelihood: -9.41317e+08
Starting main algorithm
1 (QN/Block) 	Elapsed: 104.917	Loglikelihood: -8.91551e+08	(delta): 4.97661e+07
2 (QN/Block) 	Elapsed: 112.489	Loglikelihood: -8.74693e+08	(delta): 1.6858e+07
3 (QN/Block) 	Elapsed: 116.501	Loglikelihood: -8.68624e+08	(delta): 6.06879e+06
4 (QN/Block) 	Elapsed: 120.157	Loglikelihood: -8.65035e+08	(delta): 3.58934e+06
5 (QN/Block) 	Elapsed: 119.962	Loglikelihood: -8.63871e+08	(delta): 1.16377e+06
6 (QN/Block) 	Elapsed: 113.806	Loglikelihood: -8.63699e+08	(delta): 172347
7 (QN/Block) 	Elapsed: 112.958	Loglikelihood: -8.63653e+08	(delta): 46061.9
8 (QN/Block) 	Elapsed: 112.888	Loglikelihood: -8.63642e+08	(delta): 10838.1
9 (QN/Block) 	Elapsed: 110.365	Loglikelihood: -8.63639e+08	(delta): 3158.99
10 (QN/Block) 	Elapsed: 108.202	Loglikelihood: -8.63638e+08	(delta): 510.809
11 (QN/Block) 	Elapsed: 111.931	Loglikelihood: -8.63638e+08	(delta): 59.4907
12 (QN/Block) 	Elapsed: 116.401	Loglikelihood: -8.63638e+08	(delta): 11.1956
13 (QN/Block) 	Elapsed: 115.667	Loglikelihood: -8.63638e+08	(delta): 1.27511
14 (QN/Block) 	Elapsed: 117.708	Loglikelihood: -8.63638e+08	(delta): 0.0158792
15 (QN/Block) 	Elapsed: 114.778	Loglikelihood: -8.63638e+08	(delta): 0.000466824
16 (QN/Block) 	Elapsed: 108.173	Loglikelihood: -8.63638e+08	(delta): -1.26362e-05
17 (QN/Block) 	Elapsed: 115.278	Loglikelihood: -8.63638e+08	(delta): 1.10865e-05
Summary: 
Converged in 17 iterations (2153.03 sec)
Loglikelihood: -863638207.741212
Fst divergences between estimated populations: 
	Pop0	Pop1	
Pop0	
Pop1	0.142	
Pop2	0.092	0.097	
CV error (K=3): 0.42275
Writing output files.
