****                   ADMIXTURE Version 1.3.0                  ****
****                    Copyright 2008-2015                     ****
****           David Alexander, Suyash Shringarpure,            ****
****                John  Novembre, Ken Lange                   ****
****                                                            ****
****                 Please cite our paper!                     ****
****   Information at www.genetics.ucla.edu/software/admixture  ****

Cross-validation will be performed.  Folds=5.
Parallel execution requested.  Will use 4 threads.
Random seed: 43
Point estimation method: Block relaxation algorithm
Convergence acceleration algorithm: QuasiNewton, 3 secant conditions
Point estimation will terminate when objective function delta < 0.0001
Estimation of standard errors disabled; will compute point estimates only.
Size of G: 242x4683321
Performing five EM steps to prime main algorithm
1 (EM) 	Elapsed: 53.166	Loglikelihood: -9.96178e+08	(delta): 6.32759e+08
2 (EM) 	Elapsed: 53.017	Loglikelihood: -9.59778e+08	(delta): 3.64001e+07
3 (EM) 	Elapsed: 53.038	Loglikelihood: -9.51363e+08	(delta): 8.4149e+06
4 (EM) 	Elapsed: 53.146	Loglikelihood: -9.46367e+08	(delta): 4.99614e+06
5 (EM) 	Elapsed: 53.108	Loglikelihood: -9.42621e+08	(delta): 3.74576e+06
Initial loglikelihood: -9.42621e+08
Starting main algorithm
1 (QN/Block) 	Elapsed: 200.208	Loglikelihood: -8.73998e+08	(delta): 6.86234e+07
2 (QN/Block) 	Elapsed: 207.585	Loglikelihood: -8.59175e+08	(delta): 1.48225e+07
3 (QN/Block) 	Elapsed: 201.887	Loglikelihood: -8.53101e+08	(delta): 6.07444e+06
4 (QN/Block) 	Elapsed: 211.494	Loglikelihood: -8.49726e+08	(delta): 3.37424e+06
5 (QN/Block) 	Elapsed: 181.214	Loglikelihood: -8.48147e+08	(delta): 1.57945e+06
6 (QN/Block) 	Elapsed: 182.56	Loglikelihood: -8.47135e+08	(delta): 1.0121e+06
7 (QN/Block) 	Elapsed: 183.386	Loglikelihood: -8.46709e+08	(delta): 425568
8 (QN/Block) 	Elapsed: 180.701	Loglikelihood: -8.46362e+08	(delta): 346755
9 (QN/Block) 	Elapsed: 181.807	Loglikelihood: -8.46195e+08	(delta): 167360
10 (QN/Block) 	Elapsed: 180.96	Loglikelihood: -8.46059e+08	(delta): 135957
11 (QN/Block) 	Elapsed: 178.718	Loglikelihood: -8.45942e+08	(delta): 117389
12 (QN/Block) 	Elapsed: 186.405	Loglikelihood: -8.45741e+08	(delta): 201063
13 (QN/Block) 	Elapsed: 185.546	Loglikelihood: -8.45548e+08	(delta): 192313
14 (QN/Block) 	Elapsed: 180.693	Loglikelihood: -8.45335e+08	(delta): 213362
15 (QN/Block) 	Elapsed: 180.476	Loglikelihood: -8.45135e+08	(delta): 200506
16 (QN/Block) 	Elapsed: 181.041	Loglikelihood: -8.44944e+08	(delta): 190226
17 (QN/Block) 	Elapsed: 181.499	Loglikelihood: -8.44746e+08	(delta): 197944
18 (QN/Block) 	Elapsed: 181.146	Loglikelihood: -8.44599e+08	(delta): 147571
19 (QN/Block) 	Elapsed: 184.53	Loglikelihood: -8.44468e+08	(delta): 130439
20 (QN/Block) 	Elapsed: 184.598	Loglikelihood: -8.4439e+08	(delta): 78477.8
21 (QN/Block) 	Elapsed: 183.968	Loglikelihood: -8.44339e+08	(delta): 50995.5
22 (QN/Block) 	Elapsed: 181.009	Loglikelihood: -8.44319e+08	(delta): 20281.7
23 (QN/Block) 	Elapsed: 180.783	Loglikelihood: -8.44311e+08	(delta): 7850.57
24 (QN/Block) 	Elapsed: 181.259	Loglikelihood: -8.44307e+08	(delta): 3296.06
25 (QN/Block) 	Elapsed: 180.482	Loglikelihood: -8.44306e+08	(delta): 1088.6
26 (QN/Block) 	Elapsed: 179.079	Loglikelihood: -8.44306e+08	(delta): 298.797
27 (QN/Block) 	Elapsed: 179.72	Loglikelihood: -8.44306e+08	(delta): 202.999
28 (QN/Block) 	Elapsed: 179.507	Loglikelihood: -8.44306e+08	(delta): 15.2386
29 (QN/Block) 	Elapsed: 183.417	Loglikelihood: -8.44306e+08	(delta): 5.67272
30 (QN/Block) 	Elapsed: 178.21	Loglikelihood: -8.44306e+08	(delta): 1.22703
31 (QN/Block) 	Elapsed: 179.264	Loglikelihood: -8.44306e+08	(delta): 0.595426
32 (QN/Block) 	Elapsed: 178.686	Loglikelihood: -8.44306e+08	(delta): 0.00921452
33 (QN/Block) 	Elapsed: 179.949	Loglikelihood: -8.44306e+08	(delta): 0.00579751
34 (QN/Block) 	Elapsed: 178.204	Loglikelihood: -8.44306e+08	(delta): 0.000481486
35 (QN/Block) 	Elapsed: 180.116	Loglikelihood: -8.44306e+08	(delta): 3.57628e-05
Summary: 
Converged in 35 iterations (6829.99 sec)
Loglikelihood: -844305829.201370
Fst divergences between estimated populations: 
	Pop0	Pop1	Pop2	Pop3	Pop4	
Pop0	
Pop1	0.127	
Pop2	0.111	0.152	
Pop3	0.059	0.146	0.124	
Pop4	0.148	0.174	0.060	0.162	
Pop5	0.127	0.174	0.101	0.140	0.117	
CV error (K=6): 0.43086
Writing output files.
